Build started 26/02/2013 08:07:35.
     1>Project "C:\Users\Fábio\Desktop\FaceTrackingVisualization\SingleFace\SingleFace.vcxproj" on node 2 (build target(s)).
     1>InitializeBuildStatus:
         Creating "C:\Users\Fábio\Desktop\FaceTrackingVisualization\Int\SingleFace\Win32\Debug\SingleFace.unsuccessfulbuild" because "AlwaysCreate" was specified.
       ClCompile:
         All outputs are up-to-date.
         C:\Program Files (x86)\Microsoft Visual Studio 10.0\VC\bin\CL.exe /c /ZI /nologo /W3 /WX- /Od /Oy- /D WIN32 /D _DEBUG /D _WINDOWS /D _UNICODE /D UNICODE /Gm /EHsc /RTC1 /MDd /GS /fp:precise /Zc:wchar_t /Zc:forScope /Yu"StdAfx.h" /Fp"C:\Users\Fábio\Desktop\FaceTrackingVisualization\Int\SingleFace\Win32\Debug\SingleFace.pch" /Fo"C:\Users\Fábio\Desktop\FaceTrackingVisualization\Int\SingleFace\Win32\Debug\\" /Fd"C:\Users\Fábio\Desktop\FaceTrackingVisualization\Int\SingleFace\Win32\Debug\vc100.pdb" /Gd /TP /analyze- /errorReport:prompt SingleFace.cpp
         SingleFace.cpp
     1>c:\users\fábio\desktop\facetrackingvisualization\singleface\singleface.cpp(51): warning C4996: 'fopen': This function or variable may be unsafe. Consider using fopen_s instead. To disable deprecation, use _CRT_SECURE_NO_WARNINGS. See online help for details.
                 c:\program files (x86)\microsoft visual studio 10.0\vc\include\stdio.h(234) : see declaration of 'fopen'
     1>c:\users\fábio\desktop\facetrackingvisualization\singleface\singleface.cpp(341): warning C4996: 'fopen': This function or variable may be unsafe. Consider using fopen_s instead. To disable deprecation, use _CRT_SECURE_NO_WARNINGS. See online help for details.
                 c:\program files (x86)\microsoft visual studio 10.0\vc\include\stdio.h(234) : see declaration of 'fopen'
     1>c:\users\fábio\desktop\facetrackingvisualization\singleface\singleface.cpp(374): warning C4101: 'i' : unreferenced local variable
     1>c:\users\fábio\desktop\facetrackingvisualization\singleface\singleface.cpp(546): warning C4244: '=' : conversion from 'double' to 'float', possible loss of data
     1>c:\users\fábio\desktop\facetrackingvisualization\singleface\singleface.cpp(557): warning C4244: '=' : conversion from 'double' to 'float', possible loss of data
     1>c:\users\fábio\desktop\facetrackingvisualization\singleface\singleface.cpp(605): warning C4244: '=' : conversion from 'double' to 'float', possible loss of data
     1>c:\users\fábio\desktop\facetrackingvisualization\singleface\singleface.cpp(606): warning C4244: '=' : conversion from 'double' to 'float', possible loss of data
     1>c:\users\fábio\desktop\facetrackingvisualization\singleface\singleface.cpp(607): warning C4244: '=' : conversion from 'double' to 'float', possible loss of data
     1>c:\users\fábio\desktop\facetrackingvisualization\singleface\singleface.cpp(649): warning C4244: '=' : conversion from 'FLOAT' to 'LONG', possible loss of data
     1>c:\users\fábio\desktop\facetrackingvisualization\singleface\singleface.cpp(650): warning C4244: '=' : conversion from 'FLOAT' to 'LONG', possible loss of data
     1>c:\users\fábio\desktop\facetrackingvisualization\singleface\singleface.cpp(651): warning C4244: '=' : conversion from 'FLOAT' to 'LONG', possible loss of data
     1>c:\users\fábio\desktop\facetrackingvisualization\singleface\singleface.cpp(652): warning C4244: '=' : conversion from 'FLOAT' to 'LONG', possible loss of data
     1>c:\users\fábio\desktop\facetrackingvisualization\singleface\singleface.cpp(744): warning C4101: 'p2' : unreferenced local variable
     1>c:\users\fábio\desktop\facetrackingvisualization\singleface\singleface.cpp(744): warning C4101: 'p1' : unreferenced local variable
     1>c:\users\fábio\desktop\facetrackingvisualization\singleface\singleface.cpp(922): warning C4244: 'return' : conversion from 'double' to 'float', possible loss of data
     1>c:\users\fábio\desktop\facetrackingvisualization\singleface\singleface.cpp(963): warning C4101: 'j' : unreferenced local variable
     1>c:\users\fábio\desktop\facetrackingvisualization\singleface\singleface.cpp(1319): warning C4101: 'i' : unreferenced local variable
     1>c:\users\fábio\desktop\facetrackingvisualization\singleface\singleface.cpp(1542): warning C4101: 'i' : unreferenced local variable
     1>c:\users\fábio\desktop\facetrackingvisualization\singleface\singleface.cpp(1693): warning C4244: '=' : conversion from 'double' to 'FLOAT', possible loss of data
     1>c:\users\fábio\desktop\facetrackingvisualization\singleface\singleface.cpp(1694): warning C4244: '=' : conversion from 'double' to 'FLOAT', possible loss of data
     1>c:\users\fábio\desktop\facetrackingvisualization\singleface\singleface.cpp(1700): warning C4101: 'i' : unreferenced local variable
       ResourceCompile:
         All outputs are up-to-date.
       ManifestResourceCompile:
         All outputs are up-to-date.
       Link:
         C:\Program Files (x86)\Microsoft Visual Studio 10.0\VC\bin\link.exe /ERRORREPORT:PROMPT /OUT:"C:\Users\Fábio\Desktop\FaceTrackingVisualization\Out\SingleFace\Win32\Debug\SingleFace.exe" /INCREMENTAL /NOLOGO FaceTrackLib.lib Kinect10.lib kernel32.lib user32.lib gdi32.lib winspool.lib comdlg32.lib advapi32.lib shell32.lib ole32.lib oleaut32.lib uuid.lib odbc32.lib odbccp32.lib /MANIFEST /ManifestFile:"C:\Users\Fábio\Desktop\FaceTrackingVisualization\Int\SingleFace\Win32\Debug\SingleFace.exe.intermediate.manifest" /MANIFESTUAC:"level='asInvoker' uiAccess='false'" /DEBUG /PDB:"C:\Users\Fábio\Desktop\FaceTrackingVisualization\Out\SingleFace\Win32\Debug\SingleFace.pdb" /SUBSYSTEM:WINDOWS /TLBID:1 /DYNAMICBASE /NXCOMPAT /IMPLIB:"C:\Users\Fábio\Desktop\FaceTrackingVisualization\Out\SingleFace\Win32\Debug\SingleFace.lib" /MACHINE:X86 "C:\Users\Fábio\Desktop\FaceTrackingVisualization\Int\SingleFace\Win32\Debug\SingleFace.res"
         "C:\Users\Fábio\Desktop\FaceTrackingVisualization\Int\SingleFace\Win32\Debug\SingleFace.exe.embed.manifest.res"
         "C:\Users\Fábio\Desktop\FaceTrackingVisualization\Int\SingleFace\Win32\Debug\eggavatar.obj"
         "C:\Users\Fábio\Desktop\FaceTrackingVisualization\Int\SingleFace\Win32\Debug\SingleFace.obj"
         "C:\Users\Fábio\Desktop\FaceTrackingVisualization\Int\SingleFace\Win32\Debug\FTHelper.obj"
         "C:\Users\Fábio\Desktop\FaceTrackingVisualization\Int\SingleFace\Win32\Debug\KinectSensor.obj"
         "C:\Users\Fábio\Desktop\FaceTrackingVisualization\Int\SingleFace\Win32\Debug\stdafx.obj"
         "C:\Users\Fábio\Desktop\FaceTrackingVisualization\Int\SingleFace\Win32\Debug\Visualize.obj"
       Manifest:
         C:\Program Files (x86)\Microsoft SDKs\Windows\v7.0A\bin\mt.exe /nologo /verbose /out:"C:\Users\Fábio\Desktop\FaceTrackingVisualization\Int\SingleFace\Win32\Debug\SingleFace.exe.embed.manifest" /manifest "C:\Users\Fábio\Desktop\FaceTrackingVisualization\Int\SingleFace\Win32\Debug\SingleFace.exe.intermediate.manifest"
         All outputs are up-to-date.
       LinkEmbedManifest:
         All outputs are up-to-date.
         SingleFace.vcxproj -> C:\Users\Fábio\Desktop\FaceTrackingVisualization\Out\SingleFace\Win32\Debug\SingleFace.exe
       PostBuildEvent:
         xcopy "C:\Program Files\Microsoft SDKs\Kinect\Developer Toolkit v1.6.0\Redist\x86\FaceTrackLib.dll" "C:\Users\Fábio\Desktop\FaceTrackingVisualization\Out\SingleFace\Win32\Debug\" /eiycq
         xcopy "C:\Program Files\Microsoft SDKs\Kinect\Developer Toolkit v1.6.0\Redist\x86\FaceTrackData.dll" "C:\Users\Fábio\Desktop\FaceTrackingVisualization\Out\SingleFace\Win32\Debug\" /eiycq
         
         :VCEnd
         1 arquivo(s) copiado(s)
         1 arquivo(s) copiado(s)
       FinalizeBuildStatus:
         Deleting file "C:\Users\Fábio\Desktop\FaceTrackingVisualization\Int\SingleFace\Win32\Debug\SingleFace.unsuccessfulbuild".
         Touching "C:\Users\Fábio\Desktop\FaceTrackingVisualization\Int\SingleFace\Win32\Debug\SingleFace.lastbuildstate".
     1>Done Building Project "C:\Users\Fábio\Desktop\FaceTrackingVisualization\SingleFace\SingleFace.vcxproj" (build target(s)).

Build succeeded.

Time Elapsed 00:00:09.53
